C:\USERS\BEETWINN\DESKTOP\VIDEOJOCS\2014\VISUALSTUDIO\VISUALSTUDIO\RELEASE\UTILS.OBJ
C:\USERS\BEETWINN\DESKTOP\VIDEOJOCS\2014\VISUALSTUDIO\VISUALSTUDIO\RELEASE\TEXTURE.OBJ
C:\USERS\BEETWINN\DESKTOP\VIDEOJOCS\2014\VISUALSTUDIO\VISUALSTUDIO\RELEASE\SHADER.OBJ
C:\USERS\BEETWINN\DESKTOP\VIDEOJOCS\2014\VISUALSTUDIO\VISUALSTUDIO\RELEASE\RENDERTOTEXTURE.OBJ
C:\USERS\BEETWINN\DESKTOP\VIDEOJOCS\2014\VISUALSTUDIO\VISUALSTUDIO\RELEASE\MESH.OBJ
C:\USERS\BEETWINN\DESKTOP\VIDEOJOCS\2014\VISUALSTUDIO\VISUALSTUDIO\RELEASE\MAIN.OBJ
C:\USERS\BEETWINN\DESKTOP\VIDEOJOCS\2014\VISUALSTUDIO\VISUALSTUDIO\RELEASE\GAME.OBJ
C:\USERS\BEETWINN\DESKTOP\VIDEOJOCS\2014\VISUALSTUDIO\VISUALSTUDIO\RELEASE\FRAMEWORK.OBJ
C:\USERS\BEETWINN\DESKTOP\VIDEOJOCS\2014\VISUALSTUDIO\VISUALSTUDIO\RELEASE\CAMERA.OBJ
C:\USERS\BEETWINN\DESKTOP\VIDEOJOCS\2014\VISUALSTUDIO\VISUALSTUDIO\RELEASE\VC110.PDB
C:\USERS\BEETWINN\DESKTOP\VIDEOJOCS\2014\VISUALSTUDIO\VISUALSTUDIO\RELEASE\TEXT.OBJ
C:\USERS\BEETWINN\DESKTOP\VIDEOJOCS\2014\VISUALSTUDIO.EXE
C:\USERS\BEETWINN\DESKTOP\VIDEOJOCS\2014\VISUALSTUDIO.PDB
C:\USERS\BEETWINN\DESKTOP\VIDEOJOCS\2014\VISUALSTUDIO\VISUALSTUDIO\RELEASE\VISUALSTUDIO.RES
C:\Users\Beetwinn\Desktop\VIDEOJOCS\2014\visualstudio\visualstudio\Release\camera.obj
C:\Users\Beetwinn\Desktop\VIDEOJOCS\2014\visualstudio\visualstudio\Release\framework.obj
C:\Users\Beetwinn\Desktop\VIDEOJOCS\2014\visualstudio\visualstudio\Release\game.obj
C:\Users\Beetwinn\Desktop\VIDEOJOCS\2014\visualstudio\visualstudio\Release\main.obj
C:\Users\Beetwinn\Desktop\VIDEOJOCS\2014\visualstudio\visualstudio\Release\mesh.obj
C:\Users\Beetwinn\Desktop\VIDEOJOCS\2014\visualstudio\visualstudio\Release\rendertotexture.obj
C:\Users\Beetwinn\Desktop\VIDEOJOCS\2014\visualstudio\visualstudio\Release\shader.obj
C:\Users\Beetwinn\Desktop\VIDEOJOCS\2014\visualstudio\visualstudio\Release\text.obj
C:\Users\Beetwinn\Desktop\VIDEOJOCS\2014\visualstudio\visualstudio\Release\texture.obj
C:\Users\Beetwinn\Desktop\VIDEOJOCS\2014\visualstudio\visualstudio\Release\utils.obj
C:\Users\Beetwinn\Desktop\VIDEOJOCS\2014\visualstudio\visualstudio\Release\cl.command.1.tlog
C:\Users\Beetwinn\Desktop\VIDEOJOCS\2014\visualstudio\visualstudio\Release\CL.read.1.tlog
C:\Users\Beetwinn\Desktop\VIDEOJOCS\2014\visualstudio\visualstudio\Release\CL.write.1.tlog
C:\Users\Beetwinn\Desktop\VIDEOJOCS\2014\visualstudio\visualstudio\Release\link-cvtres.read.1.tlog
C:\Users\Beetwinn\Desktop\VIDEOJOCS\2014\visualstudio\visualstudio\Release\link-cvtres.write.1.tlog
C:\Users\Beetwinn\Desktop\VIDEOJOCS\2014\visualstudio\visualstudio\Release\link-rc.read.1.tlog
C:\Users\Beetwinn\Desktop\VIDEOJOCS\2014\visualstudio\visualstudio\Release\link-rc.write.1.tlog
C:\Users\Beetwinn\Desktop\VIDEOJOCS\2014\visualstudio\visualstudio\Release\link.command.1.tlog
C:\Users\Beetwinn\Desktop\VIDEOJOCS\2014\visualstudio\visualstudio\Release\link.read.1.tlog
C:\Users\Beetwinn\Desktop\VIDEOJOCS\2014\visualstudio\visualstudio\Release\link.write.1.tlog
C:\Users\Beetwinn\Desktop\VIDEOJOCS\2014\visualstudio\visualstudio\Release\rc.command.1.tlog
C:\Users\Beetwinn\Desktop\VIDEOJOCS\2014\visualstudio\visualstudio\Release\rc.read.1.tlog
C:\Users\Beetwinn\Desktop\VIDEOJOCS\2014\visualstudio\visualstudio\Release\rc.write.1.tlog
C:\Users\Beetwinn\Desktop\VIDEOJOCS\2014\visualstudio\visualstudio\Release\visualstudio.res
C:\Users\Beetwinn\Desktop\VIDEOJOCS\2014\visualstudio\visualstudio\Release\vc110.pdb
C:\Users\Beetwinn\Desktop\VIDEOJOCS\2014\visualstudio\visualstudio\..\..\visualstudio.exe
