C:\USERS\BEETWINN\DESKTOP\VIDEOJOCS\2014\VISUALSTUDIO\VISUALSTUDIO\DEBUG\CAMERA.OBJ
C:\USERS\BEETWINN\DESKTOP\VIDEOJOCS\2014\VISUALSTUDIO\VISUALSTUDIO\DEBUG\FRAMEWORK.OBJ
C:\USERS\BEETWINN\DESKTOP\VIDEOJOCS\2014\VISUALSTUDIO\VISUALSTUDIO\DEBUG\GAME.OBJ
C:\USERS\BEETWINN\DESKTOP\VIDEOJOCS\2014\VISUALSTUDIO\VISUALSTUDIO\DEBUG\MAIN.OBJ
C:\USERS\BEETWINN\DESKTOP\VIDEOJOCS\2014\VISUALSTUDIO\VISUALSTUDIO\DEBUG\MESH.OBJ
C:\USERS\BEETWINN\DESKTOP\VIDEOJOCS\2014\VISUALSTUDIO\VISUALSTUDIO\DEBUG\RENDERTOTEXTURE.OBJ
C:\USERS\BEETWINN\DESKTOP\VIDEOJOCS\2014\VISUALSTUDIO\VISUALSTUDIO\DEBUG\SHADER.OBJ
C:\USERS\BEETWINN\DESKTOP\VIDEOJOCS\2014\VISUALSTUDIO\VISUALSTUDIO\DEBUG\TEXT.OBJ
C:\USERS\BEETWINN\DESKTOP\VIDEOJOCS\2014\VISUALSTUDIO\VISUALSTUDIO\DEBUG\TEXTURE.OBJ
C:\USERS\BEETWINN\DESKTOP\VIDEOJOCS\2014\VISUALSTUDIO\VISUALSTUDIO\DEBUG\UTILS.OBJ
C:\USERS\BEETWINN\DESKTOP\VIDEOJOCS\2014\VISUALSTUDIO\VISUALSTUDIO\DEBUG\VC110.PDB
C:\USERS\BEETWINN\DESKTOP\VIDEOJOCS\COMPARTIT\VISUALSTUDIO\VISUALSTUDIO\DEBUG\CAMERA.OBJ
C:\USERS\BEETWINN\DESKTOP\VIDEOJOCS\COMPARTIT\VISUALSTUDIO\VISUALSTUDIO\DEBUG\FRAMEWORK.OBJ
C:\USERS\BEETWINN\DESKTOP\VIDEOJOCS\COMPARTIT\VISUALSTUDIO\VISUALSTUDIO\DEBUG\GAME.OBJ
C:\USERS\BEETWINN\DESKTOP\VIDEOJOCS\COMPARTIT\VISUALSTUDIO\VISUALSTUDIO\DEBUG\MAIN.OBJ
C:\USERS\BEETWINN\DESKTOP\VIDEOJOCS\COMPARTIT\VISUALSTUDIO\VISUALSTUDIO\DEBUG\MESH.OBJ
C:\USERS\BEETWINN\DESKTOP\VIDEOJOCS\COMPARTIT\VISUALSTUDIO\VISUALSTUDIO\DEBUG\RENDERTOTEXTURE.OBJ
C:\USERS\BEETWINN\DESKTOP\VIDEOJOCS\COMPARTIT\VISUALSTUDIO\VISUALSTUDIO\DEBUG\SHADER.OBJ
C:\USERS\BEETWINN\DESKTOP\VIDEOJOCS\COMPARTIT\VISUALSTUDIO\VISUALSTUDIO\DEBUG\TEXT.OBJ
C:\USERS\BEETWINN\DESKTOP\VIDEOJOCS\COMPARTIT\VISUALSTUDIO\VISUALSTUDIO\DEBUG\TEXTURE.OBJ
C:\USERS\BEETWINN\DESKTOP\VIDEOJOCS\COMPARTIT\VISUALSTUDIO\VISUALSTUDIO\DEBUG\UTILS.OBJ
C:\USERS\BEETWINN\DESKTOP\VIDEOJOCS\COMPARTIT\VISUALSTUDIO\VISUALSTUDIO\DEBUG\VC110.PDB
C:\USERS\BEETWINN\DESKTOP\VIDEOJOCS\2014\VISUALSTUDIO.EXE
C:\USERS\BEETWINN\DESKTOP\VIDEOJOCS\2014\VISUALSTUDIO.PDB
C:\USERS\BEETWINN\DESKTOP\VIDEOJOCS\2014\VISUALSTUDIO\VISUALSTUDIO\DEBUG\VISUALSTUDIO.RES
C:\USERS\BEETWINN\DESKTOP\VIDEOJOCS\COMPARTIT\VISUALSTUDIO\VISUALSTUDIO\DEBUG\VISUALSTUDIO.RES
C:\Users\Beetwinn\Desktop\VIDEOJOCS\compartit\visualstudio\visualstudio\Debug\camera.obj
C:\Users\Beetwinn\Desktop\VIDEOJOCS\compartit\visualstudio\visualstudio\Debug\framework.obj
C:\Users\Beetwinn\Desktop\VIDEOJOCS\compartit\visualstudio\visualstudio\Debug\game.obj
C:\Users\Beetwinn\Desktop\VIDEOJOCS\compartit\visualstudio\visualstudio\Debug\main.obj
C:\Users\Beetwinn\Desktop\VIDEOJOCS\compartit\visualstudio\visualstudio\Debug\mesh.obj
C:\Users\Beetwinn\Desktop\VIDEOJOCS\compartit\visualstudio\visualstudio\Debug\rendertotexture.obj
C:\Users\Beetwinn\Desktop\VIDEOJOCS\compartit\visualstudio\visualstudio\Debug\shader.obj
C:\Users\Beetwinn\Desktop\VIDEOJOCS\compartit\visualstudio\visualstudio\Debug\text.obj
C:\Users\Beetwinn\Desktop\VIDEOJOCS\compartit\visualstudio\visualstudio\Debug\texture.obj
C:\Users\Beetwinn\Desktop\VIDEOJOCS\compartit\visualstudio\visualstudio\Debug\utils.obj
C:\Users\Beetwinn\Desktop\VIDEOJOCS\compartit\visualstudio\visualstudio\Debug\cl.command.1.tlog
C:\Users\Beetwinn\Desktop\VIDEOJOCS\compartit\visualstudio\visualstudio\Debug\CL.read.1.tlog
C:\Users\Beetwinn\Desktop\VIDEOJOCS\compartit\visualstudio\visualstudio\Debug\CL.write.1.tlog
C:\Users\Beetwinn\Desktop\VIDEOJOCS\compartit\visualstudio\visualstudio\Debug\link-cvtres.read.1.tlog
C:\Users\Beetwinn\Desktop\VIDEOJOCS\compartit\visualstudio\visualstudio\Debug\link-cvtres.write.1.tlog
C:\Users\Beetwinn\Desktop\VIDEOJOCS\compartit\visualstudio\visualstudio\Debug\link-rc.read.1.tlog
C:\Users\Beetwinn\Desktop\VIDEOJOCS\compartit\visualstudio\visualstudio\Debug\link-rc.write.1.tlog
C:\Users\Beetwinn\Desktop\VIDEOJOCS\compartit\visualstudio\visualstudio\Debug\link.command.1.tlog
C:\Users\Beetwinn\Desktop\VIDEOJOCS\compartit\visualstudio\visualstudio\Debug\link.read.1.tlog
C:\Users\Beetwinn\Desktop\VIDEOJOCS\compartit\visualstudio\visualstudio\Debug\link.write.1.tlog
C:\Users\Beetwinn\Desktop\VIDEOJOCS\compartit\visualstudio\visualstudio\Debug\rc.command.1.tlog
C:\Users\Beetwinn\Desktop\VIDEOJOCS\compartit\visualstudio\visualstudio\Debug\rc.read.1.tlog
C:\Users\Beetwinn\Desktop\VIDEOJOCS\compartit\visualstudio\visualstudio\Debug\rc.write.1.tlog
C:\Users\Beetwinn\Desktop\VIDEOJOCS\compartit\visualstudio\visualstudio\Debug\visualstudio.res
C:\Users\Beetwinn\Desktop\VIDEOJOCS\compartit\visualstudio\visualstudio\Debug\vc110.idb
C:\Users\Beetwinn\Desktop\VIDEOJOCS\compartit\visualstudio\visualstudio\Debug\vc110.pdb
